<component name="libraryTable">
  <library name="junit-4.9">
    <CLASSES>
      <root url="jar://C:/heima/Git/资料/HelloProjet/lib/junit-4.9.jar!/" />
    </CLASSES>
    <JAVADOC />
    <SOURCES />
  </library>
</component>